<?xml version="1.0" encoding="UTF-8"?>
<!-- Generated by org.testng.reporters.JUnitReportReporter -->
<testsuite hostname="LAPTOP-2A7KCU0G" failures="0" tests="2" name="cucumber.TestNgTestRunner" time="24.777" errors="0" timestamp="2024-10-17T11:14:12 IST" skipped="0">
  <testcase classname="cucumber.TestNgTestRunner" name="runScenario" time="5.574"/>
  <system-out/>
  <testcase classname="cucumber.TestNgTestRunner" name="runScenario" time="19.203"/>
  <system-out/>
</testsuite> <!-- cucumber.TestNgTestRunner -->
